<?xml version="1.0" encoding="utf-8"?><testsuites name="pytest tests"><testsuite name="pytest" errors="0" failures="0" skipped="0" tests="31" time="8.576" timestamp="2026-08-26T16:26:26.194936+00:00" hostname="agent-env-755e4870-5aae-426c-ac45-13b5df16ad47"><testcase classname="tests.test_miguel_backend.TestBookings" name="test_booking_rejects_policies_false" time="0.277" /><testcase classname="tests.test_miguel_backend.TestSeedData" name="test_services_seeded" time="0.270" /><testcase classname="tests.test_miguel_backend.TestSeedData" name="test_zones_seeded" time="0.106" /><testcase classname="tests.test_miguel_backend.TestBookings" name="test_booking_rejects_after_close_hour" time="0.198" /><testcase classname="tests.test_miguel_backend.TestSeedData" name="test_faqs_seeded" time="0.103" /><testcase classname="tests.test_miguel_backend.TestBookings" name="test_booking_rejects_non_open_day" time="0.214" /><testcase classname="tests.test_miguel_backend.TestSeedData" name="test_policies_seeded" time="0.088" /><testcase classname="tests.test_miguel_backend.TestSeedData" name="test_booking_settings_defaults" time="0.103" /><testcase classname="tests.test_miguel_backend.TestSeedData" name="test_site_settings_defaults" time="0.092" /><testcase classname="tests.test_miguel_backend.TestSeedData" name="test_testimonials_empty" time="0.267" /><testcase classname="tests.test_miguel_backend.TestBookings" name="test_booking_success_and_conflict" time="1.200" /><testcase classname="tests.test_miguel_backend.TestAdminAuth" name="test_login_success" time="0.316" /><testcase classname="tests.test_miguel_backend.TestAdminAuth" name="test_login_wrong_password" time="0.321" /><testcase classname="tests.test_miguel_backend.TestAdminAuth" name="test_me_with_token" time="0.185" /><testcase classname="tests.test_miguel_backend.TestAdminAuth" name="test_me_without_token" time="0.187" /><testcase classname="tests.test_miguel_backend.TestBookings" name="test_booking_verify_persisted_via_admin" time="0.209" /><testcase classname="tests.test_miguel_backend.TestAdminAuth" name="test_admin_bookings_requires_auth" time="0.153" /><testcase classname="tests.test_new_features.TestChangePassword" name="test_change_password_no_token" time="0.232" /><testcase classname="tests.test_new_features.TestMediaUpload" name="test_upload_requires_auth" time="0.155" /><testcase classname="tests.test_new_features.TestChangePassword" name="test_change_password_wrong_current" time="0.464" /><testcase classname="tests.test_new_features.TestMediaUpload" name="test_upload_rejects_non_image" time="0.402" /><testcase classname="tests.test_new_features.TestMediaUpload" name="test_upload_valid_png_and_full_media_lifecycle" time="3.413" /><testcase classname="tests.test_new_features.TestChangePassword" name="test_change_password_too_short" time="0.190" /><testcase classname="tests.test_new_features.TestChangePassword" name="test_change_password_success_then_revert" time="2.330" /><testcase classname="tests.test_miguel_backend.TestAdminSettings" name="test_update_booking_settings_and_restore" time="0.596" /><testcase classname="tests.test_miguel_backend.TestAdminSettings" name="test_update_site_settings" time="0.760" /><testcase classname="tests.test_miguel_backend.TestAvailableSlots" name="test_slots_on_open_sunday" time="0.234" /><testcase classname="tests.test_miguel_backend.TestAvailableSlots" name="test_slots_on_closed_day" time="0.181" /><testcase classname="tests.test_new_features.TestBookingLatLng" name="test_booking_persists_lat_lng" time="0.485" /><testcase classname="tests.test_miguel_backend.TestAdminServicesCRUD" name="test_create_update_delete_service" time="0.986" /><testcase classname="tests.test_new_features.TestSiteSettingsImages" name="test_set_hero_and_about_urls" time="0.590" /></testsuite></testsuites>