<?xml version="1.0" encoding="utf-8"?><testsuites name="pytest tests"><testsuite name="pytest" errors="0" failures="0" skipped="0" tests="40" time="10.392" timestamp="2026-08-26T16:40:17.764208+00:00" hostname="agent-env-755e4870-5aae-426c-ac45-13b5df16ad47"><testcase classname="tests.test_content_and_clients.TestContentBlocks" name="test_list_content_blocks_public" time="0.276" /><testcase classname="tests.test_miguel_backend.TestSeedData" name="test_services_seeded" time="0.320" /><testcase classname="tests.test_content_and_clients.TestContentBlocks" name="test_get_about_block" time="0.105" /><testcase classname="tests.test_miguel_backend.TestSeedData" name="test_zones_seeded" time="0.120" /><testcase classname="tests.test_content_and_clients.TestContentBlocks" name="test_get_nonexistent_block_returns_404" time="0.097" /><testcase classname="tests.test_miguel_backend.TestSeedData" name="test_faqs_seeded" time="0.097" /><testcase classname="tests.test_content_and_clients.TestContentBlocks" name="test_update_content_block_without_token_401" time="0.094" /><testcase classname="tests.test_miguel_backend.TestSeedData" name="test_policies_seeded" time="0.095" /><testcase classname="tests.test_miguel_backend.TestSeedData" name="test_booking_settings_defaults" time="0.273" /><testcase classname="tests.test_content_and_clients.TestContentBlocks" name="test_update_and_revert_about_block" time="0.946" /><testcase classname="tests.test_miguel_backend.TestSeedData" name="test_site_settings_defaults" time="0.089" /><testcase classname="tests.test_miguel_backend.TestSeedData" name="test_testimonials_empty" time="0.096" /><testcase classname="tests.test_miguel_backend.TestAdminAuth" name="test_login_success" time="0.324" /><testcase classname="tests.test_miguel_backend.TestAdminAuth" name="test_login_wrong_password" time="0.363" /><testcase classname="tests.test_miguel_backend.TestBookings" name="test_booking_rejects_policies_false" time="0.354" /><testcase classname="tests.test_miguel_backend.TestAdminAuth" name="test_me_with_token" time="0.262" /><testcase classname="tests.test_miguel_backend.TestBookings" name="test_booking_rejects_after_close_hour" time="0.202" /><testcase classname="tests.test_miguel_backend.TestAdminAuth" name="test_me_without_token" time="0.224" /><testcase classname="tests.test_miguel_backend.TestBookings" name="test_booking_rejects_non_open_day" time="0.261" /><testcase classname="tests.test_miguel_backend.TestAdminAuth" name="test_admin_bookings_requires_auth" time="0.227" /><testcase classname="tests.test_miguel_backend.TestBookings" name="test_booking_success_and_conflict" time="0.419" /><testcase classname="tests.test_content_and_clients.TestClientsAutoRegistration" name="test_first_booking_creates_client" time="0.331" /><testcase classname="tests.test_miguel_backend.TestBookings" name="test_booking_verify_persisted_via_admin" time="0.296" /><testcase classname="tests.test_content_and_clients.TestClientsAutoRegistration" name="test_second_booking_same_phone_normalized_increments_count" time="0.541" /><testcase classname="tests.test_new_features.TestChangePassword" name="test_change_password_no_token" time="0.341" /><testcase classname="tests.test_content_and_clients.TestClientsAutoRegistration" name="test_admin_clients_list_without_token_401" time="0.172" /><testcase classname="tests.test_new_features.TestChangePassword" name="test_change_password_wrong_current" time="0.401" /><testcase classname="tests.test_content_and_clients.TestClientsAutoRegistration" name="test_admin_clients_list_and_detail_and_update_and_delete" time="1.890" /><testcase classname="tests.test_new_features.TestChangePassword" name="test_change_password_too_short" time="0.181" /><testcase classname="tests.test_new_features.TestChangePassword" name="test_change_password_success_then_revert" time="2.203" /><testcase classname="tests.test_new_features.TestMediaUpload" name="test_upload_requires_auth" time="0.443" /><testcase classname="tests.test_new_features.TestMediaUpload" name="test_upload_rejects_non_image" time="0.314" /><testcase classname="tests.test_miguel_backend.TestAvailableSlots" name="test_slots_on_open_sunday" time="0.181" /><testcase classname="tests.test_new_features.TestMediaUpload" name="test_upload_valid_png_and_full_media_lifecycle" time="2.304" /><testcase classname="tests.test_miguel_backend.TestAvailableSlots" name="test_slots_on_closed_day" time="0.178" /><testcase classname="tests.test_miguel_backend.TestAdminServicesCRUD" name="test_create_update_delete_service" time="0.935" /><testcase classname="tests.test_new_features.TestSiteSettingsImages" name="test_set_hero_and_about_urls" time="0.621" /><testcase classname="tests.test_new_features.TestBookingLatLng" name="test_booking_persists_lat_lng" time="0.515" /><testcase classname="tests.test_miguel_backend.TestAdminSettings" name="test_update_booking_settings_and_restore" time="0.588" /><testcase classname="tests.test_miguel_backend.TestAdminSettings" name="test_update_site_settings" time="0.763" /></testsuite></testsuites>